[LOG] System::create                           : Header version = 2.01.09. Current version = 2.01.09.
[LOG] Manager::init                            : maxchannels = 256 studioflags = 00000006 flags 00000000 extradriverdata 0000000000000000.
[LOG] SystemI::init                            : Initialize version=20109 (115889), maxchannels=256, flags=0x00020000
[LOG] SystemI::setOutputInternal               : Setting output to 'FMOD WASAPI Output'
[LOG] OutputWASAPI::init                       : Mix Format (WAVEFORMATEX): wFormatTag=0xFFFE, nChannels=2, nSamplesPerSec=48000, nAvgBytesPerSec=384000, nBlockAlign=8, wBitsPerSample=32, cbSize=22.
[LOG] OutputWASAPI::init                       : Mix Format (WAVEFORMATEXTENSIBLE): wValidBitsPerSample=32, dwChannelMask=0x00000003, SubFormat=00000003-0000-0010-8000-00AA00389B71.
[LOG] OutputWASAPI::init                       : Output buffer size: 4096 samples, latency: 0.00ms, period: 10.00ms, DSP buffer: 1024 * 4
[LOG] Thread::initThread                       : Init FMOD stream thread. Affinity: 0x8000000000000003, Priority: 0xFFFF7FFB, Stack Size: 98304, Semaphore: No, Sleep Time: 10, Looping: Yes.
[LOG] Thread::initThread                       : Init FMOD mixer thread. Affinity: 0x8000000000000001, Priority: 0xFFFF7FFA, Stack Size: 81920, Semaphore: No, Sleep Time: 0, Looping: Yes.
[LOG] AsyncManager::init                       : manager 000001F4D351BCE8 isAsync 0 updatePeriod 0.02
[LOG] AsyncManager::init                       : done
[LOG] PlaybackSystem::init                     : 
[LOG] Thread::initThread                       : Init FMOD Studio sample load thread. Affinity: 0x8000000000000003, Priority: 0xFFFF7FFD, Stack Size: 98304, Semaphore: No, Sleep Time: 1, Looping: No.
[LOG] PlaybackSystem::init                     : done
[LOG] Thread::initThread                       : Init FMOD Studio bank load thread. Affinity: 0x8000000000000003, Priority: 0xFFFF7FFD, Stack Size: 98304, Semaphore: No, Sleep Time: 1, Looping: No.
[LOG] Manager::init                            : done.
[LOG] Manager::readBank                        : fileversion = 135, compatVersion = 132 (oldest = 44, newest = 135)
[LOG] Manager::readBank                        : fileversion = 135, compatVersion = 132 (oldest = 44, newest = 135)
[LOG] SystemI::createSoundInternal             : Create name='', mode=0x02000202
[LOG] SystemI::createSoundInternal             : exinfo->cbsize             = 224
[LOG] SystemI::createSoundInternal             : exinfo->length             = 175488
[LOG] SystemI::createSoundInternal             : exinfo->fileoffset         = 22656
[LOG] SystemI::createSoundInternal             : exinfo->numsubsounds       = 1
[LOG] SystemI::createSoundInternal             : exinfo->inclusionlist      = 00000060077DF318
[LOG] SystemI::createSoundInternal             : exinfo->inclusionlistnum   = 1
[LOG] SystemI::createSoundInternal             : exinfo->suggestedsoundtype = 5
[LOG] SystemI::createSoundInternal             : exinfo->useropen           = 00007FF87D057D70
[LOG] SystemI::createSoundInternal             : exinfo->userclose          = 00007FF87D057D40
[LOG] SystemI::createSoundInternal             : exinfo->userread           = 00007FF87D057E40
[LOG] SystemI::createSoundInternal             : exinfo->userseek           = 00007FF87D057F00
[LOG] SystemI::createSoundInternal             : exinfo->fileuserdata       = 000001F3B4F164D8
[LOG] SystemI::createSoundInternal             : exinfo->initialseekpostype = 1
[LOG] SystemI::DSPCodecPoolRegister            : register codec pool for pool type 5
[LOG] SystemI::createSoundInternal             : Sample 0/1: name='FOOTSTEP_Trainers_Asphalt_Run_RR5_mono', format=5, channels=1, frequency=48000, lengthbytes=3552, lengthpcm=19391, pcmblocksize=0, loopstart=0, loopend=0, mode=0x00000000, channelmask=0x00000000, channelorder=0, peakvolume=0.079376.
[LOG] SystemI::createSoundInternal             : Create name='', mode=0x02000202
[LOG] SystemI::createSoundInternal             : exinfo->cbsize             = 224
[LOG] SystemI::createSoundInternal             : exinfo->length             = 175488
[LOG] SystemI::createSoundInternal             : exinfo->fileoffset         = 22656
[LOG] SystemI::createSoundInternal             : exinfo->numsubsounds       = 1
[LOG] SystemI::createSoundInternal             : exinfo->inclusionlist      = 00000060077DF318
[LOG] SystemI::createSoundInternal             : exinfo->inclusionlistnum   = 1
[LOG] SystemI::createSoundInternal             : exinfo->suggestedsoundtype = 5
[LOG] SystemI::createSoundInternal             : exinfo->useropen           = 00007FF87D057D70
[LOG] SystemI::createSoundInternal             : exinfo->userclose          = 00007FF87D057D40
[LOG] SystemI::createSoundInternal             : exinfo->userread           = 00007FF87D057E40
[LOG] SystemI::createSoundInternal             : exinfo->userseek           = 00007FF87D057F00
[LOG] SystemI::createSoundInternal             : exinfo->fileuserdata       = 000001F3B4F164D8
[LOG] SystemI::createSoundInternal             : exinfo->initialseekpostype = 1
[LOG] SystemI::DSPCodecPoolRegister            : register codec pool for pool type 5
[LOG] SystemI::createSoundInternal             : Sample 0/1: name='FOOTSTEP_Trainers_Asphalt_Run_RR3_mono', format=5, channels=1, frequency=48000, lengthbytes=3488, lengthpcm=16224, pcmblocksize=0, loopstart=0, loopend=0, mode=0x00000000, channelmask=0x00000000, channelorder=0, peakvolume=0.705292.
[LOG] SystemI::createSoundInternal             : Create name='', mode=0x02000202
[LOG] SystemI::createSoundInternal             : exinfo->cbsize             = 224
[LOG] SystemI::createSoundInternal             : exinfo->length             = 175488
[LOG] SystemI::createSoundInternal             : exinfo->fileoffset         = 22656
[LOG] SystemI::createSoundInternal             : exinfo->numsubsounds       = 1
[LOG] SystemI::createSoundInternal             : exinfo->inclusionlist      = 00000060077DF318
[LOG] SystemI::createSoundInternal             : exinfo->inclusionlistnum   = 1
[LOG] SystemI::createSoundInternal             : exinfo->suggestedsoundtype = 5
[LOG] SystemI::createSoundInternal             : exinfo->useropen           = 00007FF87D057D70
[LOG] SystemI::createSoundInternal             : exinfo->userclose          = 00007FF87D057D40
[LOG] SystemI::createSoundInternal             : exinfo->userread           = 00007FF87D057E40
[LOG] SystemI::createSoundInternal             : exinfo->userseek           = 00007FF87D057F00
[LOG] SystemI::createSoundInternal             : exinfo->fileuserdata       = 000001F3B4F164D8
[LOG] SystemI::createSoundInternal             : exinfo->initialseekpostype = 1
[LOG] SystemI::DSPCodecPoolRegister            : register codec pool for pool type 5
[LOG] SystemI::createSoundInternal             : Sample 0/1: name='FOOTSTEP_Trainers_Asphalt_Run_RR8_mono', format=5, channels=1, frequency=48000, lengthbytes=3360, lengthpcm=17921, pcmblocksize=0, loopstart=0, loopend=0, mode=0x00000000, channelmask=0x00000000, channelorder=0, peakvolume=0.064667.
[LOG] SystemI::createSoundInternal             : Create name='', mode=0x02000202
[LOG] SystemI::createSoundInternal             : exinfo->cbsize             = 224
[LOG] SystemI::createSoundInternal             : exinfo->length             = 175488
[LOG] SystemI::createSoundInternal             : exinfo->fileoffset         = 22656
[LOG] SystemI::createSoundInternal             : exinfo->numsubsounds       = 1
[LOG] SystemI::createSoundInternal             : exinfo->inclusionlist      = 00000060077DF318
[LOG] SystemI::createSoundInternal             : exinfo->inclusionlistnum   = 1
[LOG] SystemI::createSoundInternal             : exinfo->suggestedsoundtype = 5
[LOG] SystemI::createSoundInternal             : exinfo->useropen           = 00007FF87D057D70
[LOG] SystemI::createSoundInternal             : exinfo->userclose          = 00007FF87D057D40
[LOG] SystemI::createSoundInternal             : exinfo->userread           = 00007FF87D057E40
[LOG] SystemI::createSoundInternal             : exinfo->userseek           = 00007FF87D057F00
[LOG] SystemI::createSoundInternal             : exinfo->fileuserdata       = 000001F3B4F164D8
[LOG] SystemI::createSoundInternal             : exinfo->initialseekpostype = 1
[LOG] SystemI::DSPCodecPoolRegister            : register codec pool for pool type 5
[LOG] SystemI::createSoundInternal             : Sample 0/1: name='FOOTSTEP_Trainers_Asphalt_Run_RR1_mono', format=5, channels=1, frequency=48000, lengthbytes=3872, lengthpcm=18687, pcmblocksize=0, loopstart=0, loopend=0, mode=0x00000000, channelmask=0x00000000, channelorder=0, peakvolume=0.234955.
[LOG] SystemI::createSoundInternal             : Create name='', mode=0x02000202
[LOG] SystemI::createSoundInternal             : exinfo->cbsize             = 224
[LOG] SystemI::createSoundInternal             : exinfo->length             = 175488
[LOG] SystemI::createSoundInternal             : exinfo->fileoffset         = 22656
[LOG] SystemI::createSoundInternal             : exinfo->numsubsounds       = 1
[LOG] SystemI::createSoundInternal             : exinfo->inclusionlist      = 00000060077DF318
[LOG] SystemI::createSoundInternal             : exinfo->inclusionlistnum   = 1
[LOG] SystemI::createSoundInternal             : exinfo->suggestedsoundtype = 5
[LOG] SystemI::createSoundInternal             : exinfo->useropen           = 00007FF87D057D70
[LOG] SystemI::createSoundInternal             : exinfo->userclose          = 00007FF87D057D40
[LOG] SystemI::createSoundInternal             : exinfo->userread           = 00007FF87D057E40
[LOG] SystemI::createSoundInternal             : exinfo->userseek           = 00007FF87D057F00
[LOG] SystemI::createSoundInternal             : exinfo->fileuserdata       = 000001F3B4F164D8
[LOG] SystemI::createSoundInternal             : exinfo->initialseekpostype = 1
[LOG] SystemI::DSPCodecPoolRegister            : register codec pool for pool type 5
[LOG] SystemI::createSoundInternal             : Sample 0/1: name='FOOTSTEP_Asphalt_Trainers_Walk_Slow_RR8_mono', format=5, channels=1, frequency=48000, lengthbytes=5856, lengthpcm=30619, pcmblocksize=0, loopstart=0, loopend=0, mode=0x00000000, channelmask=0x00000000, channelorder=0, peakvolume=0.091461.
[LOG] SystemI::createSoundInternal             : Create name='', mode=0x02000202
[LOG] SystemI::createSoundInternal             : exinfo->cbsize             = 224
[LOG] SystemI::createSoundInternal             : exinfo->length             = 175488
[LOG] SystemI::createSoundInternal             : exinfo->fileoffset         = 22656
[LOG] SystemI::createSoundInternal             : exinfo->numsubsounds       = 1
[LOG] SystemI::createSoundInternal             : exinfo->inclusionlist      = 00000060077DF318
[LOG] SystemI::createSoundInternal             : exinfo->inclusionlistnum   = 1
[LOG] SystemI::createSoundInternal             : exinfo->suggestedsoundtype = 5
[LOG] SystemI::createSoundInternal             : exinfo->useropen           = 00007FF87D057D70
[LOG] SystemI::createSoundInternal             : exinfo->userclose          = 00007FF87D057D40
[LOG] SystemI::createSoundInternal             : exinfo->userread           = 00007FF87D057E40
[LOG] SystemI::createSoundInternal             : exinfo->userseek           = 00007FF87D057F00
[LOG] SystemI::createSoundInternal             : exinfo->fileuserdata       = 000001F3B4F164D8
[LOG] SystemI::createSoundInternal             : exinfo->initialseekpostype = 1
[LOG] SystemI::DSPCodecPoolRegister            : register codec pool for pool type 5
[LOG] SystemI::createSoundInternal             : Sample 0/1: name='FOOTSTEP_Trainers_Asphalt_Run_RR7_mono', format=5, channels=1, frequency=48000, lengthbytes=3424, lengthpcm=18240, pcmblocksize=0, loopstart=0, loopend=0, mode=0x00000000, channelmask=0x00000000, channelorder=0, peakvolume=0.513489.
[LOG] SystemI::createSoundInternal             : Create name='', mode=0x02000202
[LOG] SystemI::createSoundInternal             : exinfo->cbsize             = 224
[LOG] SystemI::createSoundInternal             : exinfo->length             = 175488
[LOG] SystemI::createSoundInternal             : exinfo->fileoffset         = 22656
[LOG] SystemI::createSoundInternal             : exinfo->numsubsounds       = 1
[LOG] SystemI::createSoundInternal             : exinfo->inclusionlist      = 00000060077DF318
[LOG] SystemI::createSoundInternal             : exinfo->inclusionlistnum   = 1
[LOG] SystemI::createSoundInternal             : exinfo->suggestedsoundtype = 5
[LOG] SystemI::createSoundInternal             : exinfo->useropen           = 00007FF87D057D70
[LOG] SystemI::createSoundInternal             : exinfo->userclose          = 00007FF87D057D40
[LOG] SystemI::createSoundInternal             : exinfo->userread           = 00007FF87D057E40
[LOG] SystemI::createSoundInternal             : exinfo->userseek           = 00007FF87D057F00
[LOG] SystemI::createSoundInternal             : exinfo->fileuserdata       = 000001F3B4F164D8
[LOG] SystemI::createSoundInternal             : exinfo->initialseekpostype = 1
[LOG] SystemI::DSPCodecPoolRegister            : register codec pool for pool type 5
[LOG] SystemI::createSoundInternal             : Sample 0/1: name='FOOTSTEP_Asphalt_Trainers_Walk_Slow_RR5_mono', format=5, channels=1, frequency=48000, lengthbytes=5696, lengthpcm=30893, pcmblocksize=0, loopstart=0, loopend=0, mode=0x00000000, channelmask=0x00000000, channelorder=0, peakvolume=0.073822.
[LOG] SystemI::createSoundInternal             : Create name='', mode=0x02000202
[LOG] SystemI::createSoundInternal             : exinfo->cbsize             = 224
[LOG] SystemI::createSoundInternal             : exinfo->length             = 175488
[LOG] SystemI::createSoundInternal             : exinfo->fileoffset         = 22656
[LOG] SystemI::createSoundInternal             : exinfo->numsubsounds       = 1
[LOG] SystemI::createSoundInternal             : exinfo->inclusionlist      = 00000060077DF318
[LOG] SystemI::createSoundInternal             : exinfo->inclusionlistnum   = 1
[LOG] SystemI::createSoundInternal             : exinfo->suggestedsoundtype = 5
[LOG] SystemI::createSoundInternal             : exinfo->useropen           = 00007FF87D057D70
[LOG] SystemI::createSoundInternal             : exinfo->userclose          = 00007FF87D057D40
[LOG] SystemI::createSoundInternal             : exinfo->userread           = 00007FF87D057E40
[LOG] SystemI::createSoundInternal             : exinfo->userseek           = 00007FF87D057F00
[LOG] SystemI::createSoundInternal             : exinfo->fileuserdata       = 000001F3B4F164D8
[LOG] SystemI::createSoundInternal             : exinfo->initialseekpostype = 1
[LOG] SystemI::DSPCodecPoolRegister            : register codec pool for pool type 5
[LOG] SystemI::createSoundInternal             : Sample 0/1: name='FOOTSTEP_Trainers_Asphalt_Run_RR4_mono', format=5, channels=1, frequency=48000, lengthbytes=3104, lengthpcm=17120, pcmblocksize=0, loopstart=0, loopend=0, mode=0x00000000, channelmask=0x00000000, channelorder=0, peakvolume=0.165833.
[LOG] SystemI::createSoundInternal             : Create name='', mode=0x02000202
[LOG] SystemI::createSoundInternal             : exinfo->cbsize             = 224
[LOG] SystemI::createSoundInternal             : exinfo->length             = 175488
[LOG] SystemI::createSoundInternal             : exinfo->fileoffset         = 22656
[LOG] SystemI::createSoundInternal             : exinfo->numsubsounds       = 1
[LOG] SystemI::createSoundInternal             : exinfo->inclusionlist      = 00000060077DF318
[LOG] SystemI::createSoundInternal             : exinfo->inclusionlistnum   = 1
[LOG] SystemI::createSoundInternal             : exinfo->suggestedsoundtype = 5
[LOG] SystemI::createSoundInternal             : exinfo->useropen           = 00007FF87D057D70
[LOG] SystemI::createSoundInternal             : exinfo->userclose          = 00007FF87D057D40
[LOG] SystemI::createSoundInternal             : exinfo->userread           = 00007FF87D057E40
[LOG] SystemI::createSoundInternal             : exinfo->userseek           = 00007FF87D057F00
[LOG] SystemI::createSoundInternal             : exinfo->fileuserdata       = 000001F3B4F164D8
[LOG] SystemI::createSoundInternal             : exinfo->initialseekpostype = 1
[LOG] SystemI::DSPCodecPoolRegister            : register codec pool for pool type 5
[LOG] SystemI::createSoundInternal             : Sample 0/1: name='FOOTSTEP_Asphalt_Trainers_Walk_Slow_RR2_mono', format=5, channels=1, frequency=48000, lengthbytes=6400, lengthpcm=31263, pcmblocksize=0, loopstart=0, loopend=0, mode=0x00000000, channelmask=0x00000000, channelorder=0, peakvolume=0.094269.
[LOG] SystemI::createSoundInternal             : Create name='', mode=0x02000202
[LOG] SystemI::createSoundInternal             : exinfo->cbsize             = 224
[LOG] SystemI::createSoundInternal             : exinfo->length             = 175488
[LOG] SystemI::createSoundInternal             : exinfo->fileoffset         = 22656
[LOG] SystemI::createSoundInternal             : exinfo->numsubsounds       = 1
[LOG] SystemI::createSoundInternal             : exinfo->inclusionlist      = 00000060077DF318
[LOG] SystemI::createSoundInternal             : exinfo->inclusionlistnum   = 1
[LOG] SystemI::createSoundInternal             : exinfo->suggestedsoundtype = 5
[LOG] SystemI::createSoundInternal             : exinfo->useropen           = 00007FF87D057D70
[LOG] SystemI::createSoundInternal             : exinfo->userclose          = 00007FF87D057D40
[LOG] SystemI::createSoundInternal             : exinfo->userread           = 00007FF87D057E40
[LOG] SystemI::createSoundInternal             : exinfo->userseek           = 00007FF87D057F00
[LOG] SystemI::createSoundInternal             : exinfo->fileuserdata       = 000001F3B4F164D8
[LOG] SystemI::createSoundInternal             : exinfo->initialseekpostype = 1
[LOG] SystemI::DSPCodecPoolRegister            : register codec pool for pool type 5
[LOG] SystemI::createSoundInternal             : Sample 0/1: name='FOOTSTEP_Asphalt_Trainers_Walk_Slow_RR4_mono', format=5, channels=1, frequency=48000, lengthbytes=6208, lengthpcm=31342, pcmblocksize=0, loopstart=0, loopend=0, mode=0x00000000, channelmask=0x00000000, channelorder=0, peakvolume=0.091278.
[LOG] SystemI::createSoundInternal             : Create name='', mode=0x02000202
[LOG] SystemI::createSoundInternal             : exinfo->cbsize             = 224
[LOG] SystemI::createSoundInternal             : exinfo->length             = 175488
[LOG] SystemI::createSoundInternal             : exinfo->fileoffset         = 22656
[LOG] SystemI::createSoundInternal             : exinfo->numsubsounds       = 1
[LOG] SystemI::createSoundInternal             : exinfo->inclusionlist      = 00000060077DF318
[LOG] SystemI::createSoundInternal             : exinfo->inclusionlistnum   = 1
[LOG] SystemI::createSoundInternal             : exinfo->suggestedsoundtype = 5
[LOG] SystemI::createSoundInternal             : exinfo->useropen           = 00007FF87D057D70
[LOG] SystemI::createSoundInternal             : exinfo->userclose          = 00007FF87D057D40
[LOG] SystemI::createSoundInternal             : exinfo->userread           = 00007FF87D057E40
[LOG] SystemI::createSoundInternal             : exinfo->userseek           = 00007FF87D057F00
[LOG] SystemI::createSoundInternal             : exinfo->fileuserdata       = 000001F3B4F164D8
[LOG] SystemI::createSoundInternal             : exinfo->initialseekpostype = 1
[LOG] SystemI::DSPCodecPoolRegister            : register codec pool for pool type 5
[LOG] SystemI::createSoundInternal             : Sample 0/1: name='FOOTSTEP_Asphalt_Trainers_Walk_Slow_RR7_mono', format=5, channels=1, frequency=48000, lengthbytes=4960, lengthpcm=27949, pcmblocksize=0, loopstart=0, loopend=0, mode=0x00000000, channelmask=0x00000000, channelorder=0, peakvolume=0.071136.
[LOG] SystemI::createSoundInternal             : Create name='', mode=0x02000202
[LOG] SystemI::createSoundInternal             : exinfo->cbsize             = 224
[LOG] SystemI::createSoundInternal             : exinfo->length             = 175488
[LOG] SystemI::createSoundInternal             : exinfo->fileoffset         = 22656
[LOG] SystemI::createSoundInternal             : exinfo->numsubsounds       = 1
[LOG] SystemI::createSoundInternal             : exinfo->inclusionlist      = 00000060077DF318
[LOG] SystemI::createSoundInternal             : exinfo->inclusionlistnum   = 1
[LOG] SystemI::createSoundInternal             : exinfo->suggestedsoundtype = 5
[LOG] SystemI::createSoundInternal             : exinfo->useropen           = 00007FF87D057D70
[LOG] SystemI::createSoundInternal             : exinfo->userclose          = 00007FF87D057D40
[LOG] SystemI::createSoundInternal             : exinfo->userread           = 00007FF87D057E40
[LOG] SystemI::createSoundInternal             : exinfo->userseek           = 00007FF87D057F00
[LOG] SystemI::createSoundInternal             : exinfo->fileuserdata       = 000001F3B4F164D8
[LOG] SystemI::createSoundInternal             : exinfo->initialseekpostype = 1
[LOG] SystemI::DSPCodecPoolRegister            : register codec pool for pool type 5
[LOG] SystemI::createSoundInternal             : Sample 0/1: name='FOOTSTEP_Asphalt_Trainers_Walk_Slow_RR6_mono', format=5, channels=1, frequency=48000, lengthbytes=6112, lengthpcm=30927, pcmblocksize=0, loopstart=0, loopend=0, mode=0x00000000, channelmask=0x00000000, channelorder=0, peakvolume=0.071777.
[LOG] SystemI::createSoundInternal             : Create name='', mode=0x02000202
[LOG] SystemI::createSoundInternal             : exinfo->cbsize             = 224
[LOG] SystemI::createSoundInternal             : exinfo->length             = 175488
[LOG] SystemI::createSoundInternal             : exinfo->fileoffset         = 22656
[LOG] SystemI::createSoundInternal             : exinfo->numsubsounds       = 1
[LOG] SystemI::createSoundInternal             : exinfo->inclusionlist      = 00000060077DF318
[LOG] SystemI::createSoundInternal             : exinfo->inclusionlistnum   = 1
[LOG] SystemI::createSoundInternal             : exinfo->suggestedsoundtype = 5
[LOG] SystemI::createSoundInternal             : exinfo->useropen           = 00007FF87D057D70
[LOG] SystemI::createSoundInternal             : exinfo->userclose          = 00007FF87D057D40
[LOG] SystemI::createSoundInternal             : exinfo->userread           = 00007FF87D057E40
[LOG] SystemI::createSoundInternal             : exinfo->userseek           = 00007FF87D057F00
[LOG] SystemI::createSoundInternal             : exinfo->fileuserdata       = 000001F3B4F164D8
[LOG] SystemI::createSoundInternal             : exinfo->initialseekpostype = 1
[LOG] SystemI::DSPCodecPoolRegister            : register codec pool for pool type 5
[LOG] SystemI::createSoundInternal             : Sample 0/1: name='FOOTSTEP_Trainers_Asphalt_Run_RR2_mono', format=5, channels=1, frequency=48000, lengthbytes=3168, lengthpcm=16960, pcmblocksize=0, loopstart=0, loopend=0, mode=0x00000000, channelmask=0x00000000, channelorder=0, peakvolume=0.555054.
[LOG] SystemI::createSoundInternal             : Create name='', mode=0x02000202
[LOG] SystemI::createSoundInternal             : exinfo->cbsize             = 224
[LOG] SystemI::createSoundInternal             : exinfo->length             = 175488
[LOG] SystemI::createSoundInternal             : exinfo->fileoffset         = 22656
[LOG] SystemI::createSoundInternal             : exinfo->numsubsounds       = 1
[LOG] SystemI::createSoundInternal             : exinfo->inclusionlist      = 00000060077DF318
[LOG] SystemI::createSoundInternal             : exinfo->inclusionlistnum   = 1
[LOG] SystemI::createSoundInternal             : exinfo->suggestedsoundtype = 5
[LOG] SystemI::createSoundInternal             : exinfo->useropen           = 00007FF87D057D70
[LOG] SystemI::createSoundInternal             : exinfo->userclose          = 00007FF87D057D40
[LOG] SystemI::createSoundInternal             : exinfo->userread           = 00007FF87D057E40
[LOG] SystemI::createSoundInternal             : exinfo->userseek           = 00007FF87D057F00
[LOG] SystemI::createSoundInternal             : exinfo->fileuserdata       = 000001F3B4F164D8
[LOG] SystemI::createSoundInternal             : exinfo->initialseekpostype = 1
[LOG] SystemI::DSPCodecPoolRegister            : register codec pool for pool type 5
[LOG] SystemI::createSoundInternal             : Sample 0/1: name='FOOTSTEP_Asphalt_Trainers_Walk_Slow_RR3_mono', format=5, channels=1, frequency=48000, lengthbytes=5120, lengthpcm=28368, pcmblocksize=0, loopstart=0, loopend=0, mode=0x00000000, channelmask=0x00000000, channelorder=0, peakvolume=0.017517.
[LOG] SystemI::createSoundInternal             : Create name='', mode=0x02000202
[LOG] SystemI::createSoundInternal             : exinfo->cbsize             = 224
[LOG] SystemI::createSoundInternal             : exinfo->length             = 175488
[LOG] SystemI::createSoundInternal             : exinfo->fileoffset         = 22656
[LOG] SystemI::createSoundInternal             : exinfo->numsubsounds       = 1
[LOG] SystemI::createSoundInternal             : exinfo->inclusionlist      = 00000060077DF318
[LOG] SystemI::createSoundInternal             : exinfo->inclusionlistnum   = 1
[LOG] SystemI::createSoundInternal             : exinfo->suggestedsoundtype = 5
[LOG] SystemI::createSoundInternal             : exinfo->useropen           = 00007FF87D057D70
[LOG] SystemI::createSoundInternal             : exinfo->userclose          = 00007FF87D057D40
[LOG] SystemI::createSoundInternal             : exinfo->userread           = 00007FF87D057E40
[LOG] SystemI::createSoundInternal             : exinfo->userseek           = 00007FF87D057F00
[LOG] SystemI::createSoundInternal             : exinfo->fileuserdata       = 000001F3B4F164D8
[LOG] SystemI::createSoundInternal             : exinfo->initialseekpostype = 1
[LOG] SystemI::DSPCodecPoolRegister            : register codec pool for pool type 5
[LOG] SystemI::createSoundInternal             : Sample 0/1: name='FOOTSTEP_Trainers_Asphalt_Run_RR6_mono', format=5, channels=1, frequency=48000, lengthbytes=3904, lengthpcm=19840, pcmblocksize=0, loopstart=0, loopend=0, mode=0x00000000, channelmask=0x00000000, channelorder=0, peakvolume=0.231354.
[LOG] SystemI::createSoundInternal             : Create name='', mode=0x02000202
[LOG] SystemI::createSoundInternal             : exinfo->cbsize             = 224
[LOG] SystemI::createSoundInternal             : exinfo->length             = 175488
[LOG] SystemI::createSoundInternal             : exinfo->fileoffset         = 22656
[LOG] SystemI::createSoundInternal             : exinfo->numsubsounds       = 1
[LOG] SystemI::createSoundInternal             : exinfo->inclusionlist      = 00000060077DF318
[LOG] SystemI::createSoundInternal             : exinfo->inclusionlistnum   = 1
[LOG] SystemI::createSoundInternal             : exinfo->suggestedsoundtype = 5
[LOG] SystemI::createSoundInternal             : exinfo->useropen           = 00007FF87D057D70
[LOG] SystemI::createSoundInternal             : exinfo->userclose          = 00007FF87D057D40
[LOG] SystemI::createSoundInternal             : exinfo->userread           = 00007FF87D057E40
[LOG] SystemI::createSoundInternal             : exinfo->userseek           = 00007FF87D057F00
[LOG] SystemI::createSoundInternal             : exinfo->fileuserdata       = 000001F3B4F164D8
[LOG] SystemI::createSoundInternal             : exinfo->initialseekpostype = 1
[LOG] SystemI::DSPCodecPoolRegister            : register codec pool for pool type 5
[LOG] SystemI::createSoundInternal             : Sample 0/1: name='FOOTSTEP_Asphalt_Trainers_Walk_Slow_RR1_mono', format=5, channels=1, frequency=48000, lengthbytes=5408, lengthpcm=29052, pcmblocksize=0, loopstart=0, loopend=0, mode=0x00000000, channelmask=0x00000000, channelorder=0, peakvolume=0.063690.
[WRN] FMOD_OS_Net_Listen                       : Cannot listen for connections, port 9264 is currently in use.
[LOG] SystemI::createSoundInternal             : Create name='', mode=0x02000202
[LOG] SystemI::createSoundInternal             : exinfo->cbsize             = 224
[LOG] SystemI::createSoundInternal             : exinfo->length             = 175488
[LOG] SystemI::createSoundInternal             : exinfo->fileoffset         = 22656
[LOG] SystemI::createSoundInternal             : exinfo->numsubsounds       = 1
[LOG] SystemI::createSoundInternal             : exinfo->inclusionlist      = 00000060077DF318
[LOG] SystemI::createSoundInternal             : exinfo->inclusionlistnum   = 1
[LOG] SystemI::createSoundInternal             : exinfo->suggestedsoundtype = 5
[LOG] SystemI::createSoundInternal             : exinfo->useropen           = 00007FF87D057D70
[LOG] SystemI::createSoundInternal             : exinfo->userclose          = 00007FF87D057D40
[LOG] SystemI::createSoundInternal             : exinfo->userread           = 00007FF87D057E40
[LOG] SystemI::createSoundInternal             : exinfo->userseek           = 00007FF87D057F00
[LOG] SystemI::createSoundInternal             : exinfo->fileuserdata       = 000001F3B4F16B08
[LOG] SystemI::createSoundInternal             : exinfo->initialseekpostype = 1
[LOG] SystemI::DSPCodecPoolRegister            : register codec pool for pool type 5
[LOG] SystemI::createSoundInternal             : Sample 0/1: name='WHOOSH_Short_02_mono', format=5, channels=1, frequency=48000, lengthbytes=2176, lengthpcm=11900, pcmblocksize=0, loopstart=0, loopend=0, mode=0x00000000, channelmask=0x00000000, channelorder=0, peakvolume=0.968353.
[LOG] SystemI::createSoundInternal             : Create name='', mode=0x02000202
[LOG] SystemI::createSoundInternal             : exinfo->cbsize             = 224
[LOG] SystemI::createSoundInternal             : exinfo->length             = 175488
[LOG] SystemI::createSoundInternal             : exinfo->fileoffset         = 22656
[LOG] SystemI::createSoundInternal             : exinfo->numsubsounds       = 1
[LOG] SystemI::createSoundInternal             : exinfo->inclusionlist      = 00000060077DF318
[LOG] SystemI::createSoundInternal             : exinfo->inclusionlistnum   = 1
[LOG] SystemI::createSoundInternal             : exinfo->suggestedsoundtype = 5
[LOG] SystemI::createSoundInternal             : exinfo->useropen           = 00007FF87D057D70
[LOG] SystemI::createSoundInternal             : exinfo->userclose          = 00007FF87D057D40
[LOG] SystemI::createSoundInternal             : exinfo->userread           = 00007FF87D057E40
[LOG] SystemI::createSoundInternal             : exinfo->userseek           = 00007FF87D057F00
[LOG] SystemI::createSoundInternal             : exinfo->fileuserdata       = 000001F3B4F16B08
[LOG] SystemI::createSoundInternal             : exinfo->initialseekpostype = 1
[LOG] SystemI::DSPCodecPoolRegister            : register codec pool for pool type 5
[LOG] SystemI::createSoundInternal             : Sample 0/1: name='WHOOSH_Short_01_Whistle_mono', format=5, channels=1, frequency=48000, lengthbytes=1152, lengthpcm=5890, pcmblocksize=0, loopstart=0, loopend=0, mode=0x00000000, channelmask=0x00000000, channelorder=0, peakvolume=0.738281.
[LOG] SystemI::createSoundInternal             : Create name='', mode=0x02000202
[LOG] SystemI::createSoundInternal             : exinfo->cbsize             = 224
[LOG] SystemI::createSoundInternal             : exinfo->length             = 175488
[LOG] SystemI::createSoundInternal             : exinfo->fileoffset         = 22656
[LOG] SystemI::createSoundInternal             : exinfo->numsubsounds       = 1
[LOG] SystemI::createSoundInternal             : exinfo->inclusionlist      = 00000060077DF318
[LOG] SystemI::createSoundInternal             : exinfo->inclusionlistnum   = 1
[LOG] SystemI::createSoundInternal             : exinfo->suggestedsoundtype = 5
[LOG] SystemI::createSoundInternal             : exinfo->useropen           = 00007FF87D057D70
[LOG] SystemI::createSoundInternal             : exinfo->userclose          = 00007FF87D057D40
[LOG] SystemI::createSoundInternal             : exinfo->userread           = 00007FF87D057E40
[LOG] SystemI::createSoundInternal             : exinfo->userseek           = 00007FF87D057F00
[LOG] SystemI::createSoundInternal             : exinfo->fileuserdata       = 000001F3B4F16B08
[LOG] SystemI::createSoundInternal             : exinfo->initialseekpostype = 1
[LOG] SystemI::DSPCodecPoolRegister            : register codec pool for pool type 5
[LOG] SystemI::createSoundInternal             : Sample 0/1: name='WHOOSH_Short_03_mono', format=5, channels=1, frequency=48000, lengthbytes=2112, lengthpcm=11900, pcmblocksize=0, loopstart=0, loopend=0, mode=0x00000000, channelmask=0x00000000, channelorder=0, peakvolume=0.972504.
[LOG] SystemI::createSoundInternal             : Create name='', mode=0x02000202
[LOG] SystemI::createSoundInternal             : exinfo->cbsize             = 224
[LOG] SystemI::createSoundInternal             : exinfo->length             = 175488
[LOG] SystemI::createSoundInternal             : exinfo->fileoffset         = 22656
[LOG] SystemI::createSoundInternal             : exinfo->numsubsounds       = 1
[LOG] SystemI::createSoundInternal             : exinfo->inclusionlist      = 00000060077DF318
[LOG] SystemI::createSoundInternal             : exinfo->inclusionlistnum   = 1
[LOG] SystemI::createSoundInternal             : exinfo->suggestedsoundtype = 5
[LOG] SystemI::createSoundInternal             : exinfo->useropen           = 00007FF87D057D70
[LOG] SystemI::createSoundInternal             : exinfo->userclose          = 00007FF87D057D40
[LOG] SystemI::createSoundInternal             : exinfo->userread           = 00007FF87D057E40
[LOG] SystemI::createSoundInternal             : exinfo->userseek           = 00007FF87D057F00
[LOG] SystemI::createSoundInternal             : exinfo->fileuserdata       = 000001F3B4F168F8
[LOG] SystemI::createSoundInternal             : exinfo->initialseekpostype = 1
[LOG] SystemI::DSPCodecPoolRegister            : register codec pool for pool type 5
[LOG] SystemI::createSoundInternal             : Sample 0/1: name='SWORD_Whoosh_Hit_Armor_Hard_RR8_mono', format=5, channels=1, frequency=48000, lengthbytes=11712, lengthpcm=71566, pcmblocksize=0, loopstart=0, loopend=0, mode=0x00000000, channelmask=0x00000000, channelorder=0, peakvolume=0.706543.
[LOG] SystemI::createSoundInternal             : Create name='', mode=0x02000202
[LOG] SystemI::createSoundInternal             : exinfo->cbsize             = 224
[LOG] SystemI::createSoundInternal             : exinfo->length             = 175488
[LOG] SystemI::createSoundInternal             : exinfo->fileoffset         = 22656
[LOG] SystemI::createSoundInternal             : exinfo->numsubsounds       = 1
[LOG] SystemI::createSoundInternal             : exinfo->inclusionlist      = 00000060077DF318
[LOG] SystemI::createSoundInternal             : exinfo->inclusionlistnum   = 1
[LOG] SystemI::createSoundInternal             : exinfo->suggestedsoundtype = 5
[LOG] SystemI::createSoundInternal             : exinfo->useropen           = 00007FF87D057D70
[LOG] SystemI::createSoundInternal             : exinfo->userclose          = 00007FF87D057D40
[LOG] SystemI::createSoundInternal             : exinfo->userread           = 00007FF87D057E40
[LOG] SystemI::createSoundInternal             : exinfo->userseek           = 00007FF87D057F00
[LOG] SystemI::createSoundInternal             : exinfo->fileuserdata       = 000001F3B4F168F8
[LOG] SystemI::createSoundInternal             : exinfo->initialseekpostype = 1
[LOG] SystemI::DSPCodecPoolRegister            : register codec pool for pool type 5
[LOG] SystemI::createSoundInternal             : Sample 0/1: name='SWORD_Whoosh_Hit_Armor_Hard_RR6_mono', format=5, channels=1, frequency=48000, lengthbytes=8480, lengthpcm=51369, pcmblocksize=0, loopstart=0, loopend=0, mode=0x00000000, channelmask=0x00000000, channelorder=0, peakvolume=0.888184.
[LOG] SystemI::createSoundInternal             : Create name='', mode=0x02000202
[LOG] SystemI::createSoundInternal             : exinfo->cbsize             = 224
[LOG] SystemI::createSoundInternal             : exinfo->length             = 175488
[LOG] SystemI::createSoundInternal             : exinfo->fileoffset         = 22656
[LOG] SystemI::createSoundInternal             : exinfo->numsubsounds       = 1
[LOG] SystemI::createSoundInternal             : exinfo->inclusionlist      = 00000060077DF318
[LOG] SystemI::createSoundInternal             : exinfo->inclusionlistnum   = 1
[LOG] SystemI::createSoundInternal             : exinfo->suggestedsoundtype = 5
[LOG] SystemI::createSoundInternal             : exinfo->useropen           = 00007FF87D057D70
[LOG] SystemI::createSoundInternal             : exinfo->userclose          = 00007FF87D057D40
[LOG] SystemI::createSoundInternal             : exinfo->userread           = 00007FF87D057E40
[LOG] SystemI::createSoundInternal             : exinfo->userseek           = 00007FF87D057F00
[LOG] SystemI::createSoundInternal             : exinfo->fileuserdata       = 000001F3B4F168F8
[LOG] SystemI::createSoundInternal             : exinfo->initialseekpostype = 1
[LOG] SystemI::DSPCodecPoolRegister            : register codec pool for pool type 5
[LOG] SystemI::createSoundInternal             : Sample 0/1: name='SWORD_Whoosh_Hit_Armor_Hard_RR1_mono', format=5, channels=1, frequency=48000, lengthbytes=7456, lengthpcm=42508, pcmblocksize=0, loopstart=0, loopend=0, mode=0x00000000, channelmask=0x00000000, channelorder=0, peakvolume=0.888184.
[LOG] SystemI::createSoundInternal             : Create name='', mode=0x02000202
[LOG] SystemI::createSoundInternal             : exinfo->cbsize             = 224
[LOG] SystemI::createSoundInternal             : exinfo->length             = 175488
[LOG] SystemI::createSoundInternal             : exinfo->fileoffset         = 22656
[LOG] SystemI::createSoundInternal             : exinfo->numsubsounds       = 1
[LOG] SystemI::createSoundInternal             : exinfo->inclusionlist      = 00000060077DF318
[LOG] SystemI::createSoundInternal             : exinfo->inclusionlistnum   = 1
[LOG] SystemI::createSoundInternal             : exinfo->suggestedsoundtype = 5
[LOG] SystemI::createSoundInternal             : exinfo->useropen           = 00007FF87D057D70
[LOG] SystemI::createSoundInternal             : exinfo->userclose          = 00007FF87D057D40
[LOG] SystemI::createSoundInternal             : exinfo->userread           = 00007FF87D057E40
[LOG] SystemI::createSoundInternal             : exinfo->userseek           = 00007FF87D057F00
[LOG] SystemI::createSoundInternal             : exinfo->fileuserdata       = 000001F3B4F168F8
[LOG] SystemI::createSoundInternal             : exinfo->initialseekpostype = 1
[LOG] SystemI::DSPCodecPoolRegister            : register codec pool for pool type 5
[LOG] SystemI::createSoundInternal             : Sample 0/1: name='SWORD_Whoosh_Hit_Armor_Hard_RR5_mono', format=5, channels=1, frequency=48000, lengthbytes=11552, lengthpcm=71566, pcmblocksize=0, loopstart=0, loopend=0, mode=0x00000000, channelmask=0x00000000, channelorder=0, peakvolume=0.888184.
[LOG] SystemI::createSoundInternal             : Create name='', mode=0x02000202
[LOG] SystemI::createSoundInternal             : exinfo->cbsize             = 224
[LOG] SystemI::createSoundInternal             : exinfo->length             = 175488
[LOG] SystemI::createSoundInternal             : exinfo->fileoffset         = 22656
[LOG] SystemI::createSoundInternal             : exinfo->numsubsounds       = 1
[LOG] SystemI::createSoundInternal             : exinfo->inclusionlist      = 00000060077DF318
[LOG] SystemI::createSoundInternal             : exinfo->inclusionlistnum   = 1
[LOG] SystemI::createSoundInternal             : exinfo->suggestedsoundtype = 5
[LOG] SystemI::createSoundInternal             : exinfo->useropen           = 00007FF87D057D70
[LOG] SystemI::createSoundInternal             : exinfo->userclose          = 00007FF87D057D40
[LOG] SystemI::createSoundInternal             : exinfo->userread           = 00007FF87D057E40
[LOG] SystemI::createSoundInternal             : exinfo->userseek           = 00007FF87D057F00
[LOG] SystemI::createSoundInternal             : exinfo->fileuserdata       = 000001F3B4F168F8
[LOG] SystemI::createSoundInternal             : exinfo->initialseekpostype = 1
[LOG] SystemI::DSPCodecPoolRegister            : register codec pool for pool type 5
[LOG] SystemI::createSoundInternal             : Sample 0/1: name='SWORD_Whoosh_Hit_Armor_Hard_RR9_mono', format=5, channels=1, frequency=48000, lengthbytes=6944, lengthpcm=39013, pcmblocksize=0, loopstart=0, loopend=0, mode=0x00000000, channelmask=0x00000000, channelorder=0, peakvolume=0.897339.
[LOG] SystemI::createSoundInternal             : Create name='', mode=0x02000202
[LOG] SystemI::createSoundInternal             : exinfo->cbsize             = 224
[LOG] SystemI::createSoundInternal             : exinfo->length             = 175488
[LOG] SystemI::createSoundInternal             : exinfo->fileoffset         = 22656
[LOG] SystemI::createSoundInternal             : exinfo->numsubsounds       = 1
[LOG] SystemI::createSoundInternal             : exinfo->inclusionlist      = 00000060077DF318
[LOG] SystemI::createSoundInternal             : exinfo->inclusionlistnum   = 1
[LOG] SystemI::createSoundInternal             : exinfo->suggestedsoundtype = 5
[LOG] SystemI::createSoundInternal             : exinfo->useropen           = 00007FF87D057D70
[LOG] SystemI::createSoundInternal             : exinfo->userclose          = 00007FF87D057D40
[LOG] SystemI::createSoundInternal             : exinfo->userread           = 00007FF87D057E40
[LOG] SystemI::createSoundInternal             : exinfo->userseek           = 00007FF87D057F00
[LOG] SystemI::createSoundInternal             : exinfo->fileuserdata       = 000001F3B4F168F8
[LOG] SystemI::createSoundInternal             : exinfo->initialseekpostype = 1
[LOG] SystemI::DSPCodecPoolRegister            : register codec pool for pool type 5
[LOG] SystemI::createSoundInternal             : Sample 0/1: name='SWORD_Whoosh_Hit_Armor_Hard_RR4_mono', format=5, channels=1, frequency=48000, lengthbytes=9664, lengthpcm=58008, pcmblocksize=0, loopstart=0, loopend=0, mode=0x00000000, channelmask=0x00000000, channelorder=0, peakvolume=0.888184.
[LOG] SystemI::createSoundInternal             : Create name='', mode=0x02000202
[LOG] SystemI::createSoundInternal             : exinfo->cbsize             = 224
[LOG] SystemI::createSoundInternal             : exinfo->length             = 175488
[LOG] SystemI::createSoundInternal             : exinfo->fileoffset         = 22656
[LOG] SystemI::createSoundInternal             : exinfo->numsubsounds       = 1
[LOG] SystemI::createSoundInternal             : exinfo->inclusionlist      = 00000060077DF318
[LOG] SystemI::createSoundInternal             : exinfo->inclusionlistnum   = 1
[LOG] SystemI::createSoundInternal             : exinfo->suggestedsoundtype = 5
[LOG] SystemI::createSoundInternal             : exinfo->useropen           = 00007FF87D057D70
[LOG] SystemI::createSoundInternal             : exinfo->userclose          = 00007FF87D057D40
[LOG] SystemI::createSoundInternal             : exinfo->userread           = 00007FF87D057E40
[LOG] SystemI::createSoundInternal             : exinfo->userseek           = 00007FF87D057F00
[LOG] SystemI::createSoundInternal             : exinfo->fileuserdata       = 000001F3B4F168F8
[LOG] SystemI::createSoundInternal             : exinfo->initialseekpostype = 1
[LOG] SystemI::DSPCodecPoolRegister            : register codec pool for pool type 5
[LOG] SystemI::createSoundInternal             : Sample 0/1: name='SWORD_Whoosh_Hit_Armor_Hard_RR2_mono', format=5, channels=1, frequency=48000, lengthbytes=10368, lengthpcm=59031, pcmblocksize=0, loopstart=0, loopend=0, mode=0x00000000, channelmask=0x00000000, channelorder=0, peakvolume=0.941254.
[LOG] SystemI::createSoundInternal             : Create name='', mode=0x02000202
[LOG] SystemI::createSoundInternal             : exinfo->cbsize             = 224
[LOG] SystemI::createSoundInternal             : exinfo->length             = 175488
[LOG] SystemI::createSoundInternal             : exinfo->fileoffset         = 22656
[LOG] SystemI::createSoundInternal             : exinfo->numsubsounds       = 1
[LOG] SystemI::createSoundInternal             : exinfo->inclusionlist      = 00000060077DF318
[LOG] SystemI::createSoundInternal             : exinfo->inclusionlistnum   = 1
[LOG] SystemI::createSoundInternal             : exinfo->suggestedsoundtype = 5
[LOG] SystemI::createSoundInternal             : exinfo->useropen           = 00007FF87D057D70
[LOG] SystemI::createSoundInternal             : exinfo->userclose          = 00007FF87D057D40
[LOG] SystemI::createSoundInternal             : exinfo->userread           = 00007FF87D057E40
[LOG] SystemI::createSoundInternal             : exinfo->userseek           = 00007FF87D057F00
[LOG] SystemI::createSoundInternal             : exinfo->fileuserdata       = 000001F3B4F168F8
[LOG] SystemI::createSoundInternal             : exinfo->initialseekpostype = 1
[LOG] SystemI::DSPCodecPoolRegister            : register codec pool for pool type 5
[LOG] SystemI::createSoundInternal             : Sample 0/1: name='SWORD_Whoosh_Hit_Armor_Hard_RR3_mono', format=5, channels=1, frequency=48000, lengthbytes=6848, lengthpcm=39509, pcmblocksize=0, loopstart=0, loopend=0, mode=0x00000000, channelmask=0x00000000, channelorder=0, peakvolume=0.902954.
[LOG] SystemI::createSoundInternal             : Create name='', mode=0x02000202
[LOG] SystemI::createSoundInternal             : exinfo->cbsize             = 224
[LOG] SystemI::createSoundInternal             : exinfo->length             = 175488
[LOG] SystemI::createSoundInternal             : exinfo->fileoffset         = 22656
[LOG] SystemI::createSoundInternal             : exinfo->numsubsounds       = 1
[LOG] SystemI::createSoundInternal             : exinfo->inclusionlist      = 00000060077DF318
[LOG] SystemI::createSoundInternal             : exinfo->inclusionlistnum   = 1
[LOG] SystemI::createSoundInternal             : exinfo->suggestedsoundtype = 5
[LOG] SystemI::createSoundInternal             : exinfo->useropen           = 00007FF87D057D70
[LOG] SystemI::createSoundInternal             : exinfo->userclose          = 00007FF87D057D40
[LOG] SystemI::createSoundInternal             : exinfo->userread           = 00007FF87D057E40
[LOG] SystemI::createSoundInternal             : exinfo->userseek           = 00007FF87D057F00
[LOG] SystemI::createSoundInternal             : exinfo->fileuserdata       = 000001F3B4F168F8
[LOG] SystemI::createSoundInternal             : exinfo->initialseekpostype = 1
[LOG] SystemI::DSPCodecPoolRegister            : register codec pool for pool type 5
[LOG] SystemI::createSoundInternal             : Sample 0/1: name='SWORD_Whoosh_Hit_Armor_Hard_RR7_mono', format=5, channels=1, frequency=48000, lengthbytes=9344, lengthpcm=52308, pcmblocksize=0, loopstart=0, loopend=0, mode=0x00000000, channelmask=0x00000000, channelorder=0, peakvolume=0.888184.
[LOG] SystemI::createSoundInternal             : Create name='', mode=0x02000202
[LOG] SystemI::createSoundInternal             : exinfo->cbsize             = 224
[LOG] SystemI::createSoundInternal             : exinfo->length             = 175488
[LOG] SystemI::createSoundInternal             : exinfo->fileoffset         = 22656
[LOG] SystemI::createSoundInternal             : exinfo->numsubsounds       = 1
[LOG] SystemI::createSoundInternal             : exinfo->inclusionlist      = 00000060077DF318
[LOG] SystemI::createSoundInternal             : exinfo->inclusionlistnum   = 1
[LOG] SystemI::createSoundInternal             : exinfo->suggestedsoundtype = 5
[LOG] SystemI::createSoundInternal             : exinfo->useropen           = 00007FF87D057D70
[LOG] SystemI::createSoundInternal             : exinfo->userclose          = 00007FF87D057D40
[LOG] SystemI::createSoundInternal             : exinfo->userread           = 00007FF87D057E40
[LOG] SystemI::createSoundInternal             : exinfo->userseek           = 00007FF87D057F00
[LOG] SystemI::createSoundInternal             : exinfo->fileuserdata       = 000001F3B4F168F8
[LOG] SystemI::createSoundInternal             : exinfo->initialseekpostype = 1
[LOG] SystemI::DSPCodecPoolRegister            : register codec pool for pool type 5
[LOG] SystemI::createSoundInternal             : Sample 0/1: name='SWORD_Whoosh_Hit_Armor_Hard_RR10_mono', format=5, channels=1, frequency=48000, lengthbytes=11712, lengthpcm=68358, pcmblocksize=0, loopstart=0, loopend=0, mode=0x00000000, channelmask=0x00000000, channelorder=0, peakvolume=0.836578.
[WRN] FMOD_OS_Net_Listen                       : Cannot listen for connections, port 9264 is currently in use.
[WRN] FMOD_OS_Net_Listen                       : Cannot listen for connections, port 9264 is currently in use.
[WRN] FMOD_OS_Net_Listen                       : Cannot listen for connections, port 9264 is currently in use.
[WRN] FMOD_OS_Net_Listen                       : Cannot listen for connections, port 9264 is currently in use.
[LOG] SoundI::release                          :  (000001F4601AC998)
[LOG] SoundI::release                          :     WHOOSH_Short_01_Whistle_mono (000001F4A95B5B58)
[LOG] SoundI::release                          :  (000001F4601AF908)
[LOG] SoundI::release                          :     WHOOSH_Short_02_mono (000001F4A95B32B8)
[LOG] SoundI::release                          :  (000001F4601ACC78)
[LOG] SoundI::release                          :     WHOOSH_Short_03_mono (000001F4A95B4B18)
[LOG] SoundI::release                          :  (000001F4601A8D38)
[LOG] SoundI::release                          :     SWORD_Whoosh_Hit_Armor_Hard_RR1_mono (000001F4A95B54D8)
[LOG] SoundI::release                          :  (000001F4601AB6E8)
[LOG] SoundI::release                          :     SWORD_Whoosh_Hit_Armor_Hard_RR2_mono (000001F4A95B5CF8)
[LOG] SoundI::release                          :  (000001F4601A9468)
[LOG] SoundI::release                          :     SWORD_Whoosh_Hit_Armor_Hard_RR3_mono (000001F4A95B61D8)
[LOG] SoundI::release                          :  (000001F4601A9018)
[LOG] SoundI::release                          :     SWORD_Whoosh_Hit_Armor_Hard_RR4_mono (000001F4A95B59B8)
[LOG] SoundI::release                          :  (000001F4601A8EA8)
[LOG] SoundI::release                          :     SWORD_Whoosh_Hit_Armor_Hard_RR5_mono (000001F4A95B5678)
[LOG] SoundI::release                          :  (000001F4601A8328)
[LOG] SoundI::release                          :     SWORD_Whoosh_Hit_Armor_Hard_RR6_mono (000001F4A95B5338)
[LOG] SoundI::release                          :  (000001F4601A6668)
[LOG] SoundI::release                          :     SWORD_Whoosh_Hit_Armor_Hard_RR7_mono (000001F4A95B6038)
[LOG] SoundI::release                          :  (000001F4601A9FE8)
[LOG] SoundI::release                          :     SWORD_Whoosh_Hit_Armor_Hard_RR8_mono (000001F4A95B4CB8)
[LOG] SoundI::release                          :  (000001F4601A6C28)
[LOG] SoundI::release                          :     SWORD_Whoosh_Hit_Armor_Hard_RR9_mono (000001F4A95B5818)
[LOG] SoundI::release                          :  (000001F4601A9A28)
[LOG] SoundI::release                          :     SWORD_Whoosh_Hit_Armor_Hard_RR10_mono (000001F4A95B6378)
[LOG] SoundI::release                          :  (000001F4601B5DA8)
[LOG] SoundI::release                          :     FOOTSTEP_Trainers_Asphalt_Run_RR1_mono (000001F4A95B3FB8)
[LOG] SoundI::release                          :  (000001F4601B2148)
[LOG] SoundI::release                          :     FOOTSTEP_Trainers_Asphalt_Run_RR2_mono (000001F4A95B47D8)
[LOG] SoundI::release                          :  (000001F4601B2E38)
[LOG] SoundI::release                          :     FOOTSTEP_Trainers_Asphalt_Run_RR3_mono (000001F4A95B3E18)
[LOG] SoundI::release                          :  (000001F4601B3288)
[LOG] SoundI::release                          :     FOOTSTEP_Trainers_Asphalt_Run_RR4_mono (000001F4A95B4158)
[LOG] SoundI::release                          :  (000001F4601B2CC8)
[LOG] SoundI::release                          :     FOOTSTEP_Trainers_Asphalt_Run_RR5_mono (000001F4A95B3938)
[LOG] SoundI::release                          :  (000001F4601B50B8)
[LOG] SoundI::release                          :     FOOTSTEP_Trainers_Asphalt_Run_RR6_mono (000001F4A95B28F8)
[LOG] SoundI::release                          :  (000001F4601B36D8)
[LOG] SoundI::release                          :     FOOTSTEP_Trainers_Asphalt_Run_RR7_mono (000001F4A95B0EF8)
[LOG] SoundI::release                          :  (000001F4601B18A8)
[LOG] SoundI::release                          :     FOOTSTEP_Trainers_Asphalt_Run_RR8_mono (000001F4A95B1D98)
[LOG] SoundI::release                          :  (000001F4601B2FA8)
[LOG] SoundI::release                          :     FOOTSTEP_Asphalt_Trainers_Walk_Slow_RR8_mono (000001F4A95B6B98)
[LOG] SoundI::release                          :  (000001F4601B5398)
[LOG] SoundI::release                          :     FOOTSTEP_Asphalt_Trainers_Walk_Slow_RR1_mono (000001F4A95B2F78)
[LOG] SoundI::release                          :  (000001F4601B1E68)
[LOG] SoundI::release                          :     FOOTSTEP_Asphalt_Trainers_Walk_Slow_RR2_mono (000001F4A95B13D8)
[LOG] SoundI::release                          :  (000001F4601B4DD8)
[LOG] SoundI::release                          :     FOOTSTEP_Asphalt_Trainers_Walk_Slow_RR3_mono (000001F4A95B4978)
[LOG] SoundI::release                          :  (000001F4601B1FD8)
[LOG] SoundI::release                          :     FOOTSTEP_Asphalt_Trainers_Walk_Slow_RR4_mono (000001F4A95B2278)
[LOG] SoundI::release                          :  (000001F4601B1CF8)
[LOG] SoundI::release                          :     FOOTSTEP_Asphalt_Trainers_Walk_Slow_RR5_mono (000001F4A95B2A98)
[LOG] SoundI::release                          :  (000001F4601B5678)
[LOG] SoundI::release                          :     FOOTSTEP_Asphalt_Trainers_Walk_Slow_RR6_mono (000001F4A95B1F38)
[LOG] SoundI::release                          :  (000001F4601B4AF8)
[LOG] SoundI::release                          :     FOOTSTEP_Asphalt_Trainers_Walk_Slow_RR7_mono (000001F4A95B42F8)
[LOG] Thread::callback                         : FMOD Studio update thread finished.
[LOG] Thread::callback                         : FMOD Studio bank load thread finished.
[LOG] Profile::disconnectAll                   : Profiler disconnecting all clients
[LOG] Thread::callback                         : FMOD Studio sample load thread finished.
[LOG] LiveUpdate::release                      : 
[LOG] LiveUpdate::reset                        : Reset connection (reason Disconnected)
[LOG] Thread::callback                         : FMOD stream thread finished.
[LOG] Thread::callback                         : FMOD mixer thread finished.
[LOG] Profile::disconnectAll                   : Profiler disconnecting all clients
[LOG] SystemI::close                           : Closed.
